<?xml version="1.0" encoding="UTF-8"?>
<!-- Generated by org.testng.reporters.JUnitReportReporter -->
<testsuite hostname="Sachin-Sys" failures="0" tests="1" name="Testng.Annotationandpriority" time="34.646" errors="0" timestamp="2023-06-20T17:02:00 SGT" skipped="0">
  <testcase classname="Testng.Annotationandpriority" name="Openapp" time="34.646"/>
</testsuite> <!-- Testng.Annotationandpriority -->
